[2018-08-12 20:25:11] lumen.ERROR: Symfony\Component\Debug\Exception\FatalThrowableError: Parse error: syntax error, unexpected ''playerUnit'' (T_CONSTANT_ENCAPSED_STRING), expecting ')' in /var/www/html/challenge/php-tic-tac-toe-bot/src/app/Validators/GameValidator.php:15
Stack trace:
#0 /var/www/html/challenge/php-tic-tac-toe-bot/src/vendor/composer/ClassLoader.php(301): Composer\Autoload\includeFile('/var/www/html/c...')
#1 [internal function]: Composer\Autoload\ClassLoader->loadClass('App\\Validators\\...')
#2 /var/www/html/challenge/php-tic-tac-toe-bot/src/app/Http/Controllers/GameController.php(23): spl_autoload_call('App\\Validators\\...')
#3 [internal function]: App\Http\Controllers\GameController->play(Object(Illuminate\Http\Request))
#4 /var/www/html/challenge/php-tic-tac-toe-bot/src/vendor/illuminate/container/BoundMethod.php(29): call_user_func_array(Array, Array)
#5 /var/www/html/challenge/php-tic-tac-toe-bot/src/vendor/illuminate/container/BoundMethod.php(87): Illuminate\Container\BoundMethod::Illuminate\Container\{closure}()
#6 /var/www/html/challenge/php-tic-tac-toe-bot/src/vendor/illuminate/container/BoundMethod.php(31): Illuminate\Container\BoundMethod::callBoundMethod(Object(Laravel\Lumen\Application), Array, Object(Closure))
#7 /var/www/html/challenge/php-tic-tac-toe-bot/src/vendor/illuminate/container/Container.php(539): Illuminate\Container\BoundMethod::call(Object(Laravel\Lumen\Application), Array, Array, NULL)
#8 /var/www/html/challenge/php-tic-tac-toe-bot/src/vendor/laravel/lumen-framework/src/Concerns/RoutesRequests.php(741): Illuminate\Container\Container->call(Array, Array)
#9 /var/www/html/challenge/php-tic-tac-toe-bot/src/vendor/laravel/lumen-framework/src/Concerns/RoutesRequests.php(707): Laravel\Lumen\Application->callControllerCallable(Array, Array)
#10 /var/www/html/challenge/php-tic-tac-toe-bot/src/vendor/laravel/lumen-framework/src/Concerns/RoutesRequests.php(681): Laravel\Lumen\Application->callLumenController(Object(App\Http\Controllers\GameController), 'play', Array)
#11 /var/www/html/challenge/php-tic-tac-toe-bot/src/vendor/laravel/lumen-framework/src/Concerns/RoutesRequests.php(643): Laravel\Lumen\Application->callControllerAction(Array)
#12 /var/www/html/challenge/php-tic-tac-toe-bot/src/vendor/laravel/lumen-framework/src/Concerns/RoutesRequests.php(628): Laravel\Lumen\Application->callActionOnArrayBasedRoute(Array)
#13 /var/www/html/challenge/php-tic-tac-toe-bot/src/vendor/laravel/lumen-framework/src/Concerns/RoutesRequests.php(528): Laravel\Lumen\Application->handleFoundRoute(Array)
#14 /var/www/html/challenge/php-tic-tac-toe-bot/src/vendor/laravel/lumen-framework/src/Concerns/RoutesRequests.php(781): Laravel\Lumen\Application->Laravel\Lumen\Concerns\{closure}()
#15 /var/www/html/challenge/php-tic-tac-toe-bot/src/vendor/laravel/lumen-framework/src/Concerns/RoutesRequests.php(534): Laravel\Lumen\Application->sendThroughPipeline(Array, Object(Closure))
#16 /var/www/html/challenge/php-tic-tac-toe-bot/src/vendor/laravel/lumen-framework/src/Concerns/RoutesRequests.php(475): Laravel\Lumen\Application->dispatch(NULL)
#17 /var/www/html/challenge/php-tic-tac-toe-bot/src/index.php(28): Laravel\Lumen\Application->run()
#18 {main}  
[2018-08-12 20:26:10] lumen.ERROR: Symfony\Component\Debug\Exception\FatalErrorException: Cannot make non static method App\Providers\MoveInterface::makeMove() static in class App\Facade\GameFacade in /var/www/html/challenge/php-tic-tac-toe-bot/src/app/Facade/GameFacade.php:8
Stack trace:
#0 /var/www/html/challenge/php-tic-tac-toe-bot/src/vendor/laravel/lumen-framework/src/Concerns/RegistersExceptionHandlers.php(54): Laravel\Lumen\Application->handleShutdown()
#1 [internal function]: Laravel\Lumen\Application->Laravel\Lumen\Concerns\{closure}()
#2 {main}  
[2018-08-12 20:26:44] lumen.ERROR: ErrorException: Non-static method App\Facade\GameFacade::makeMove() should not be called statically in /var/www/html/challenge/php-tic-tac-toe-bot/src/app/Http/Controllers/GameController.php:25
Stack trace:
#0 /var/www/html/challenge/php-tic-tac-toe-bot/src/app/Http/Controllers/GameController.php(25): Laravel\Lumen\Application->Laravel\Lumen\Concerns\{closure}(8192, 'Non-static meth...', '/var/www/html/c...', 25, Array)
#1 [internal function]: App\Http\Controllers\GameController->play(Object(Illuminate\Http\Request))
#2 /var/www/html/challenge/php-tic-tac-toe-bot/src/vendor/illuminate/container/BoundMethod.php(29): call_user_func_array(Array, Array)
#3 /var/www/html/challenge/php-tic-tac-toe-bot/src/vendor/illuminate/container/BoundMethod.php(87): Illuminate\Container\BoundMethod::Illuminate\Container\{closure}()
#4 /var/www/html/challenge/php-tic-tac-toe-bot/src/vendor/illuminate/container/BoundMethod.php(31): Illuminate\Container\BoundMethod::callBoundMethod(Object(Laravel\Lumen\Application), Array, Object(Closure))
#5 /var/www/html/challenge/php-tic-tac-toe-bot/src/vendor/illuminate/container/Container.php(539): Illuminate\Container\BoundMethod::call(Object(Laravel\Lumen\Application), Array, Array, NULL)
#6 /var/www/html/challenge/php-tic-tac-toe-bot/src/vendor/laravel/lumen-framework/src/Concerns/RoutesRequests.php(741): Illuminate\Container\Container->call(Array, Array)
#7 /var/www/html/challenge/php-tic-tac-toe-bot/src/vendor/laravel/lumen-framework/src/Concerns/RoutesRequests.php(707): Laravel\Lumen\Application->callControllerCallable(Array, Array)
#8 /var/www/html/challenge/php-tic-tac-toe-bot/src/vendor/laravel/lumen-framework/src/Concerns/RoutesRequests.php(681): Laravel\Lumen\Application->callLumenController(Object(App\Http\Controllers\GameController), 'play', Array)
#9 /var/www/html/challenge/php-tic-tac-toe-bot/src/vendor/laravel/lumen-framework/src/Concerns/RoutesRequests.php(643): Laravel\Lumen\Application->callControllerAction(Array)
#10 /var/www/html/challenge/php-tic-tac-toe-bot/src/vendor/laravel/lumen-framework/src/Concerns/RoutesRequests.php(628): Laravel\Lumen\Application->callActionOnArrayBasedRoute(Array)
#11 /var/www/html/challenge/php-tic-tac-toe-bot/src/vendor/laravel/lumen-framework/src/Concerns/RoutesRequests.php(528): Laravel\Lumen\Application->handleFoundRoute(Array)
#12 /var/www/html/challenge/php-tic-tac-toe-bot/src/vendor/laravel/lumen-framework/src/Concerns/RoutesRequests.php(781): Laravel\Lumen\Application->Laravel\Lumen\Concerns\{closure}()
#13 /var/www/html/challenge/php-tic-tac-toe-bot/src/vendor/laravel/lumen-framework/src/Concerns/RoutesRequests.php(534): Laravel\Lumen\Application->sendThroughPipeline(Array, Object(Closure))
#14 /var/www/html/challenge/php-tic-tac-toe-bot/src/vendor/laravel/lumen-framework/src/Concerns/RoutesRequests.php(475): Laravel\Lumen\Application->dispatch(NULL)
#15 /var/www/html/challenge/php-tic-tac-toe-bot/src/index.php(28): Laravel\Lumen\Application->run()
#16 {main}  
[2018-08-12 20:27:56] lumen.ERROR: ErrorException: Undefined variable: boardState in /var/www/html/challenge/php-tic-tac-toe-bot/src/app/Http/Controllers/GameController.php:26
Stack trace:
#0 /var/www/html/challenge/php-tic-tac-toe-bot/src/app/Http/Controllers/GameController.php(26): Laravel\Lumen\Application->Laravel\Lumen\Concerns\{closure}(8, 'Undefined varia...', '/var/www/html/c...', 26, Array)
#1 [internal function]: App\Http\Controllers\GameController->play(Object(Illuminate\Http\Request))
#2 /var/www/html/challenge/php-tic-tac-toe-bot/src/vendor/illuminate/container/BoundMethod.php(29): call_user_func_array(Array, Array)
#3 /var/www/html/challenge/php-tic-tac-toe-bot/src/vendor/illuminate/container/BoundMethod.php(87): Illuminate\Container\BoundMethod::Illuminate\Container\{closure}()
#4 /var/www/html/challenge/php-tic-tac-toe-bot/src/vendor/illuminate/container/BoundMethod.php(31): Illuminate\Container\BoundMethod::callBoundMethod(Object(Laravel\Lumen\Application), Array, Object(Closure))
#5 /var/www/html/challenge/php-tic-tac-toe-bot/src/vendor/illuminate/container/Container.php(539): Illuminate\Container\BoundMethod::call(Object(Laravel\Lumen\Application), Array, Array, NULL)
#6 /var/www/html/challenge/php-tic-tac-toe-bot/src/vendor/laravel/lumen-framework/src/Concerns/RoutesRequests.php(741): Illuminate\Container\Container->call(Array, Array)
#7 /var/www/html/challenge/php-tic-tac-toe-bot/src/vendor/laravel/lumen-framework/src/Concerns/RoutesRequests.php(707): Laravel\Lumen\Application->callControllerCallable(Array, Array)
#8 /var/www/html/challenge/php-tic-tac-toe-bot/src/vendor/laravel/lumen-framework/src/Concerns/RoutesRequests.php(681): Laravel\Lumen\Application->callLumenController(Object(App\Http\Controllers\GameController), 'play', Array)
#9 /var/www/html/challenge/php-tic-tac-toe-bot/src/vendor/laravel/lumen-framework/src/Concerns/RoutesRequests.php(643): Laravel\Lumen\Application->callControllerAction(Array)
#10 /var/www/html/challenge/php-tic-tac-toe-bot/src/vendor/laravel/lumen-framework/src/Concerns/RoutesRequests.php(628): Laravel\Lumen\Application->callActionOnArrayBasedRoute(Array)
#11 /var/www/html/challenge/php-tic-tac-toe-bot/src/vendor/laravel/lumen-framework/src/Concerns/RoutesRequests.php(528): Laravel\Lumen\Application->handleFoundRoute(Array)
#12 /var/www/html/challenge/php-tic-tac-toe-bot/src/vendor/laravel/lumen-framework/src/Concerns/RoutesRequests.php(781): Laravel\Lumen\Application->Laravel\Lumen\Concerns\{closure}()
#13 /var/www/html/challenge/php-tic-tac-toe-bot/src/vendor/laravel/lumen-framework/src/Concerns/RoutesRequests.php(534): Laravel\Lumen\Application->sendThroughPipeline(Array, Object(Closure))
#14 /var/www/html/challenge/php-tic-tac-toe-bot/src/vendor/laravel/lumen-framework/src/Concerns/RoutesRequests.php(475): Laravel\Lumen\Application->dispatch(NULL)
#15 /var/www/html/challenge/php-tic-tac-toe-bot/src/index.php(28): Laravel\Lumen\Application->run()
#16 {main}  
[2018-08-12 20:28:54] lumen.ERROR: ErrorException: Trying to get property of non-object in /var/www/html/challenge/php-tic-tac-toe-bot/src/app/Http/Controllers/GameController.php:22
Stack trace:
#0 /var/www/html/challenge/php-tic-tac-toe-bot/src/app/Http/Controllers/GameController.php(22): Laravel\Lumen\Application->Laravel\Lumen\Concerns\{closure}(8, 'Trying to get p...', '/var/www/html/c...', 22, Array)
#1 [internal function]: App\Http\Controllers\GameController->play(Object(Illuminate\Http\Request))
#2 /var/www/html/challenge/php-tic-tac-toe-bot/src/vendor/illuminate/container/BoundMethod.php(29): call_user_func_array(Array, Array)
#3 /var/www/html/challenge/php-tic-tac-toe-bot/src/vendor/illuminate/container/BoundMethod.php(87): Illuminate\Container\BoundMethod::Illuminate\Container\{closure}()
#4 /var/www/html/challenge/php-tic-tac-toe-bot/src/vendor/illuminate/container/BoundMethod.php(31): Illuminate\Container\BoundMethod::callBoundMethod(Object(Laravel\Lumen\Application), Array, Object(Closure))
#5 /var/www/html/challenge/php-tic-tac-toe-bot/src/vendor/illuminate/container/Container.php(539): Illuminate\Container\BoundMethod::call(Object(Laravel\Lumen\Application), Array, Array, NULL)
#6 /var/www/html/challenge/php-tic-tac-toe-bot/src/vendor/laravel/lumen-framework/src/Concerns/RoutesRequests.php(741): Illuminate\Container\Container->call(Array, Array)
#7 /var/www/html/challenge/php-tic-tac-toe-bot/src/vendor/laravel/lumen-framework/src/Concerns/RoutesRequests.php(707): Laravel\Lumen\Application->callControllerCallable(Array, Array)
#8 /var/www/html/challenge/php-tic-tac-toe-bot/src/vendor/laravel/lumen-framework/src/Concerns/RoutesRequests.php(681): Laravel\Lumen\Application->callLumenController(Object(App\Http\Controllers\GameController), 'play', Array)
#9 /var/www/html/challenge/php-tic-tac-toe-bot/src/vendor/laravel/lumen-framework/src/Concerns/RoutesRequests.php(643): Laravel\Lumen\Application->callControllerAction(Array)
#10 /var/www/html/challenge/php-tic-tac-toe-bot/src/vendor/laravel/lumen-framework/src/Concerns/RoutesRequests.php(628): Laravel\Lumen\Application->callActionOnArrayBasedRoute(Array)
#11 /var/www/html/challenge/php-tic-tac-toe-bot/src/vendor/laravel/lumen-framework/src/Concerns/RoutesRequests.php(528): Laravel\Lumen\Application->handleFoundRoute(Array)
#12 /var/www/html/challenge/php-tic-tac-toe-bot/src/vendor/laravel/lumen-framework/src/Concerns/RoutesRequests.php(781): Laravel\Lumen\Application->Laravel\Lumen\Concerns\{closure}()
#13 /var/www/html/challenge/php-tic-tac-toe-bot/src/vendor/laravel/lumen-framework/src/Concerns/RoutesRequests.php(534): Laravel\Lumen\Application->sendThroughPipeline(Array, Object(Closure))
#14 /var/www/html/challenge/php-tic-tac-toe-bot/src/vendor/laravel/lumen-framework/src/Concerns/RoutesRequests.php(475): Laravel\Lumen\Application->dispatch(NULL)
#15 /var/www/html/challenge/php-tic-tac-toe-bot/src/index.php(28): Laravel\Lumen\Application->run()
#16 {main}  
[2018-08-12 20:29:10] lumen.ERROR: ErrorException: Array to string conversion in /var/www/html/challenge/php-tic-tac-toe-bot/src/app/Http/Controllers/GameController.php:22
Stack trace:
#0 /var/www/html/challenge/php-tic-tac-toe-bot/src/app/Http/Controllers/GameController.php(22): Laravel\Lumen\Application->Laravel\Lumen\Concerns\{closure}(8, 'Array to string...', '/var/www/html/c...', 22, Array)
#1 [internal function]: App\Http\Controllers\GameController->play(Object(Illuminate\Http\Request))
#2 /var/www/html/challenge/php-tic-tac-toe-bot/src/vendor/illuminate/container/BoundMethod.php(29): call_user_func_array(Array, Array)
#3 /var/www/html/challenge/php-tic-tac-toe-bot/src/vendor/illuminate/container/BoundMethod.php(87): Illuminate\Container\BoundMethod::Illuminate\Container\{closure}()
#4 /var/www/html/challenge/php-tic-tac-toe-bot/src/vendor/illuminate/container/BoundMethod.php(31): Illuminate\Container\BoundMethod::callBoundMethod(Object(Laravel\Lumen\Application), Array, Object(Closure))
#5 /var/www/html/challenge/php-tic-tac-toe-bot/src/vendor/illuminate/container/Container.php(539): Illuminate\Container\BoundMethod::call(Object(Laravel\Lumen\Application), Array, Array, NULL)
#6 /var/www/html/challenge/php-tic-tac-toe-bot/src/vendor/laravel/lumen-framework/src/Concerns/RoutesRequests.php(741): Illuminate\Container\Container->call(Array, Array)
#7 /var/www/html/challenge/php-tic-tac-toe-bot/src/vendor/laravel/lumen-framework/src/Concerns/RoutesRequests.php(707): Laravel\Lumen\Application->callControllerCallable(Array, Array)
#8 /var/www/html/challenge/php-tic-tac-toe-bot/src/vendor/laravel/lumen-framework/src/Concerns/RoutesRequests.php(681): Laravel\Lumen\Application->callLumenController(Object(App\Http\Controllers\GameController), 'play', Array)
#9 /var/www/html/challenge/php-tic-tac-toe-bot/src/vendor/laravel/lumen-framework/src/Concerns/RoutesRequests.php(643): Laravel\Lumen\Application->callControllerAction(Array)
#10 /var/www/html/challenge/php-tic-tac-toe-bot/src/vendor/laravel/lumen-framework/src/Concerns/RoutesRequests.php(628): Laravel\Lumen\Application->callActionOnArrayBasedRoute(Array)
#11 /var/www/html/challenge/php-tic-tac-toe-bot/src/vendor/laravel/lumen-framework/src/Concerns/RoutesRequests.php(528): Laravel\Lumen\Application->handleFoundRoute(Array)
#12 /var/www/html/challenge/php-tic-tac-toe-bot/src/vendor/laravel/lumen-framework/src/Concerns/RoutesRequests.php(781): Laravel\Lumen\Application->Laravel\Lumen\Concerns\{closure}()
#13 /var/www/html/challenge/php-tic-tac-toe-bot/src/vendor/laravel/lumen-framework/src/Concerns/RoutesRequests.php(534): Laravel\Lumen\Application->sendThroughPipeline(Array, Object(Closure))
#14 /var/www/html/challenge/php-tic-tac-toe-bot/src/vendor/laravel/lumen-framework/src/Concerns/RoutesRequests.php(475): Laravel\Lumen\Application->dispatch(NULL)
#15 /var/www/html/challenge/php-tic-tac-toe-bot/src/index.php(28): Laravel\Lumen\Application->run()
#16 {main}  
[2018-08-12 21:10:05] lumen.ERROR: Symfony\Component\Debug\Exception\FatalThrowableError: Parse error: syntax error, unexpected ')' in /var/www/html/challenge/php-tic-tac-toe-bot/src/app/Facade/GameFacade.php:34
Stack trace:
#0 /var/www/html/challenge/php-tic-tac-toe-bot/src/vendor/composer/ClassLoader.php(301): Composer\Autoload\includeFile('/var/www/html/c...')
#1 [internal function]: Composer\Autoload\ClassLoader->loadClass('App\\Facade\\Game...')
#2 /var/www/html/challenge/php-tic-tac-toe-bot/src/app/Http/Controllers/GameController.php(25): spl_autoload_call('App\\Facade\\Game...')
#3 [internal function]: App\Http\Controllers\GameController->play(Object(Illuminate\Http\Request))
#4 /var/www/html/challenge/php-tic-tac-toe-bot/src/vendor/illuminate/container/BoundMethod.php(29): call_user_func_array(Array, Array)
#5 /var/www/html/challenge/php-tic-tac-toe-bot/src/vendor/illuminate/container/BoundMethod.php(87): Illuminate\Container\BoundMethod::Illuminate\Container\{closure}()
#6 /var/www/html/challenge/php-tic-tac-toe-bot/src/vendor/illuminate/container/BoundMethod.php(31): Illuminate\Container\BoundMethod::callBoundMethod(Object(Laravel\Lumen\Application), Array, Object(Closure))
#7 /var/www/html/challenge/php-tic-tac-toe-bot/src/vendor/illuminate/container/Container.php(539): Illuminate\Container\BoundMethod::call(Object(Laravel\Lumen\Application), Array, Array, NULL)
#8 /var/www/html/challenge/php-tic-tac-toe-bot/src/vendor/laravel/lumen-framework/src/Concerns/RoutesRequests.php(741): Illuminate\Container\Container->call(Array, Array)
#9 /var/www/html/challenge/php-tic-tac-toe-bot/src/vendor/laravel/lumen-framework/src/Concerns/RoutesRequests.php(707): Laravel\Lumen\Application->callControllerCallable(Array, Array)
#10 /var/www/html/challenge/php-tic-tac-toe-bot/src/vendor/laravel/lumen-framework/src/Concerns/RoutesRequests.php(681): Laravel\Lumen\Application->callLumenController(Object(App\Http\Controllers\GameController), 'play', Array)
#11 /var/www/html/challenge/php-tic-tac-toe-bot/src/vendor/laravel/lumen-framework/src/Concerns/RoutesRequests.php(643): Laravel\Lumen\Application->callControllerAction(Array)
#12 /var/www/html/challenge/php-tic-tac-toe-bot/src/vendor/laravel/lumen-framework/src/Concerns/RoutesRequests.php(628): Laravel\Lumen\Application->callActionOnArrayBasedRoute(Array)
#13 /var/www/html/challenge/php-tic-tac-toe-bot/src/vendor/laravel/lumen-framework/src/Concerns/RoutesRequests.php(528): Laravel\Lumen\Application->handleFoundRoute(Array)
#14 /var/www/html/challenge/php-tic-tac-toe-bot/src/vendor/laravel/lumen-framework/src/Concerns/RoutesRequests.php(781): Laravel\Lumen\Application->Laravel\Lumen\Concerns\{closure}()
#15 /var/www/html/challenge/php-tic-tac-toe-bot/src/vendor/laravel/lumen-framework/src/Concerns/RoutesRequests.php(534): Laravel\Lumen\Application->sendThroughPipeline(Array, Object(Closure))
#16 /var/www/html/challenge/php-tic-tac-toe-bot/src/vendor/laravel/lumen-framework/src/Concerns/RoutesRequests.php(475): Laravel\Lumen\Application->dispatch(NULL)
#17 /var/www/html/challenge/php-tic-tac-toe-bot/src/index.php(28): Laravel\Lumen\Application->run()
#18 {main}  
[2018-08-12 21:10:41] lumen.ERROR: Symfony\Component\Debug\Exception\FatalThrowableError: Parse error: syntax error, unexpected ')' in /var/www/html/challenge/php-tic-tac-toe-bot/src/app/Facade/GameFacade.php:34
Stack trace:
#0 /var/www/html/challenge/php-tic-tac-toe-bot/src/vendor/composer/ClassLoader.php(301): Composer\Autoload\includeFile('/var/www/html/c...')
#1 [internal function]: Composer\Autoload\ClassLoader->loadClass('App\\Facade\\Game...')
#2 /var/www/html/challenge/php-tic-tac-toe-bot/src/app/Http/Controllers/GameController.php(25): spl_autoload_call('App\\Facade\\Game...')
#3 [internal function]: App\Http\Controllers\GameController->play(Object(Illuminate\Http\Request))
#4 /var/www/html/challenge/php-tic-tac-toe-bot/src/vendor/illuminate/container/BoundMethod.php(29): call_user_func_array(Array, Array)
#5 /var/www/html/challenge/php-tic-tac-toe-bot/src/vendor/illuminate/container/BoundMethod.php(87): Illuminate\Container\BoundMethod::Illuminate\Container\{closure}()
#6 /var/www/html/challenge/php-tic-tac-toe-bot/src/vendor/illuminate/container/BoundMethod.php(31): Illuminate\Container\BoundMethod::callBoundMethod(Object(Laravel\Lumen\Application), Array, Object(Closure))
#7 /var/www/html/challenge/php-tic-tac-toe-bot/src/vendor/illuminate/container/Container.php(539): Illuminate\Container\BoundMethod::call(Object(Laravel\Lumen\Application), Array, Array, NULL)
#8 /var/www/html/challenge/php-tic-tac-toe-bot/src/vendor/laravel/lumen-framework/src/Concerns/RoutesRequests.php(741): Illuminate\Container\Container->call(Array, Array)
#9 /var/www/html/challenge/php-tic-tac-toe-bot/src/vendor/laravel/lumen-framework/src/Concerns/RoutesRequests.php(707): Laravel\Lumen\Application->callControllerCallable(Array, Array)
#10 /var/www/html/challenge/php-tic-tac-toe-bot/src/vendor/laravel/lumen-framework/src/Concerns/RoutesRequests.php(681): Laravel\Lumen\Application->callLumenController(Object(App\Http\Controllers\GameController), 'play', Array)
#11 /var/www/html/challenge/php-tic-tac-toe-bot/src/vendor/laravel/lumen-framework/src/Concerns/RoutesRequests.php(643): Laravel\Lumen\Application->callControllerAction(Array)
#12 /var/www/html/challenge/php-tic-tac-toe-bot/src/vendor/laravel/lumen-framework/src/Concerns/RoutesRequests.php(628): Laravel\Lumen\Application->callActionOnArrayBasedRoute(Array)
#13 /var/www/html/challenge/php-tic-tac-toe-bot/src/vendor/laravel/lumen-framework/src/Concerns/RoutesRequests.php(528): Laravel\Lumen\Application->handleFoundRoute(Array)
#14 /var/www/html/challenge/php-tic-tac-toe-bot/src/vendor/laravel/lumen-framework/src/Concerns/RoutesRequests.php(781): Laravel\Lumen\Application->Laravel\Lumen\Concerns\{closure}()
#15 /var/www/html/challenge/php-tic-tac-toe-bot/src/vendor/laravel/lumen-framework/src/Concerns/RoutesRequests.php(534): Laravel\Lumen\Application->sendThroughPipeline(Array, Object(Closure))
#16 /var/www/html/challenge/php-tic-tac-toe-bot/src/vendor/laravel/lumen-framework/src/Concerns/RoutesRequests.php(475): Laravel\Lumen\Application->dispatch(NULL)
#17 /var/www/html/challenge/php-tic-tac-toe-bot/src/index.php(28): Laravel\Lumen\Application->run()
#18 {main}  
[2018-08-12 21:11:50] lumen.ERROR: Symfony\Component\Debug\Exception\FatalThrowableError: Parse error: syntax error, unexpected ')' in /var/www/html/challenge/php-tic-tac-toe-bot/src/app/Facade/GameFacade.php:36
Stack trace:
#0 /var/www/html/challenge/php-tic-tac-toe-bot/src/vendor/composer/ClassLoader.php(301): Composer\Autoload\includeFile('/var/www/html/c...')
#1 [internal function]: Composer\Autoload\ClassLoader->loadClass('App\\Facade\\Game...')
#2 /var/www/html/challenge/php-tic-tac-toe-bot/src/app/Http/Controllers/GameController.php(25): spl_autoload_call('App\\Facade\\Game...')
#3 [internal function]: App\Http\Controllers\GameController->play(Object(Illuminate\Http\Request))
#4 /var/www/html/challenge/php-tic-tac-toe-bot/src/vendor/illuminate/container/BoundMethod.php(29): call_user_func_array(Array, Array)
#5 /var/www/html/challenge/php-tic-tac-toe-bot/src/vendor/illuminate/container/BoundMethod.php(87): Illuminate\Container\BoundMethod::Illuminate\Container\{closure}()
#6 /var/www/html/challenge/php-tic-tac-toe-bot/src/vendor/illuminate/container/BoundMethod.php(31): Illuminate\Container\BoundMethod::callBoundMethod(Object(Laravel\Lumen\Application), Array, Object(Closure))
#7 /var/www/html/challenge/php-tic-tac-toe-bot/src/vendor/illuminate/container/Container.php(539): Illuminate\Container\BoundMethod::call(Object(Laravel\Lumen\Application), Array, Array, NULL)
#8 /var/www/html/challenge/php-tic-tac-toe-bot/src/vendor/laravel/lumen-framework/src/Concerns/RoutesRequests.php(741): Illuminate\Container\Container->call(Array, Array)
#9 /var/www/html/challenge/php-tic-tac-toe-bot/src/vendor/laravel/lumen-framework/src/Concerns/RoutesRequests.php(707): Laravel\Lumen\Application->callControllerCallable(Array, Array)
#10 /var/www/html/challenge/php-tic-tac-toe-bot/src/vendor/laravel/lumen-framework/src/Concerns/RoutesRequests.php(681): Laravel\Lumen\Application->callLumenController(Object(App\Http\Controllers\GameController), 'play', Array)
#11 /var/www/html/challenge/php-tic-tac-toe-bot/src/vendor/laravel/lumen-framework/src/Concerns/RoutesRequests.php(643): Laravel\Lumen\Application->callControllerAction(Array)
#12 /var/www/html/challenge/php-tic-tac-toe-bot/src/vendor/laravel/lumen-framework/src/Concerns/RoutesRequests.php(628): Laravel\Lumen\Application->callActionOnArrayBasedRoute(Array)
#13 /var/www/html/challenge/php-tic-tac-toe-bot/src/vendor/laravel/lumen-framework/src/Concerns/RoutesRequests.php(528): Laravel\Lumen\Application->handleFoundRoute(Array)
#14 /var/www/html/challenge/php-tic-tac-toe-bot/src/vendor/laravel/lumen-framework/src/Concerns/RoutesRequests.php(781): Laravel\Lumen\Application->Laravel\Lumen\Concerns\{closure}()
#15 /var/www/html/challenge/php-tic-tac-toe-bot/src/vendor/laravel/lumen-framework/src/Concerns/RoutesRequests.php(534): Laravel\Lumen\Application->sendThroughPipeline(Array, Object(Closure))
#16 /var/www/html/challenge/php-tic-tac-toe-bot/src/vendor/laravel/lumen-framework/src/Concerns/RoutesRequests.php(475): Laravel\Lumen\Application->dispatch(NULL)
#17 /var/www/html/challenge/php-tic-tac-toe-bot/src/index.php(28): Laravel\Lumen\Application->run()
#18 {main}  
[2018-08-12 21:12:40] lumen.ERROR: Symfony\Component\Debug\Exception\FatalThrowableError: Parse error: syntax error, unexpected ',', expecting ']' in /var/www/html/challenge/php-tic-tac-toe-bot/src/app/Facade/GameFacade.php:37
Stack trace:
#0 /var/www/html/challenge/php-tic-tac-toe-bot/src/vendor/composer/ClassLoader.php(301): Composer\Autoload\includeFile('/var/www/html/c...')
#1 [internal function]: Composer\Autoload\ClassLoader->loadClass('App\\Facade\\Game...')
#2 /var/www/html/challenge/php-tic-tac-toe-bot/src/app/Http/Controllers/GameController.php(25): spl_autoload_call('App\\Facade\\Game...')
#3 [internal function]: App\Http\Controllers\GameController->play(Object(Illuminate\Http\Request))
#4 /var/www/html/challenge/php-tic-tac-toe-bot/src/vendor/illuminate/container/BoundMethod.php(29): call_user_func_array(Array, Array)
#5 /var/www/html/challenge/php-tic-tac-toe-bot/src/vendor/illuminate/container/BoundMethod.php(87): Illuminate\Container\BoundMethod::Illuminate\Container\{closure}()
#6 /var/www/html/challenge/php-tic-tac-toe-bot/src/vendor/illuminate/container/BoundMethod.php(31): Illuminate\Container\BoundMethod::callBoundMethod(Object(Laravel\Lumen\Application), Array, Object(Closure))
#7 /var/www/html/challenge/php-tic-tac-toe-bot/src/vendor/illuminate/container/Container.php(539): Illuminate\Container\BoundMethod::call(Object(Laravel\Lumen\Application), Array, Array, NULL)
#8 /var/www/html/challenge/php-tic-tac-toe-bot/src/vendor/laravel/lumen-framework/src/Concerns/RoutesRequests.php(741): Illuminate\Container\Container->call(Array, Array)
#9 /var/www/html/challenge/php-tic-tac-toe-bot/src/vendor/laravel/lumen-framework/src/Concerns/RoutesRequests.php(707): Laravel\Lumen\Application->callControllerCallable(Array, Array)
#10 /var/www/html/challenge/php-tic-tac-toe-bot/src/vendor/laravel/lumen-framework/src/Concerns/RoutesRequests.php(681): Laravel\Lumen\Application->callLumenController(Object(App\Http\Controllers\GameController), 'play', Array)
#11 /var/www/html/challenge/php-tic-tac-toe-bot/src/vendor/laravel/lumen-framework/src/Concerns/RoutesRequests.php(643): Laravel\Lumen\Application->callControllerAction(Array)
#12 /var/www/html/challenge/php-tic-tac-toe-bot/src/vendor/laravel/lumen-framework/src/Concerns/RoutesRequests.php(628): Laravel\Lumen\Application->callActionOnArrayBasedRoute(Array)
#13 /var/www/html/challenge/php-tic-tac-toe-bot/src/vendor/laravel/lumen-framework/src/Concerns/RoutesRequests.php(528): Laravel\Lumen\Application->handleFoundRoute(Array)
#14 /var/www/html/challenge/php-tic-tac-toe-bot/src/vendor/laravel/lumen-framework/src/Concerns/RoutesRequests.php(781): Laravel\Lumen\Application->Laravel\Lumen\Concerns\{closure}()
#15 /var/www/html/challenge/php-tic-tac-toe-bot/src/vendor/laravel/lumen-framework/src/Concerns/RoutesRequests.php(534): Laravel\Lumen\Application->sendThroughPipeline(Array, Object(Closure))
#16 /var/www/html/challenge/php-tic-tac-toe-bot/src/vendor/laravel/lumen-framework/src/Concerns/RoutesRequests.php(475): Laravel\Lumen\Application->dispatch(NULL)
#17 /var/www/html/challenge/php-tic-tac-toe-bot/src/index.php(28): Laravel\Lumen\Application->run()
#18 {main}  
